2022.09.07 07:48:18 INFO  tracing is disabled for protocol LSP, to enable tracing of incoming and outgoing JSON messages create an empty file at /home/paul/Documents/scalaproject/.metals/lsp.trace.json or /home/paul/.cache/metals/lsp.trace.json
2022.09.07 07:48:18 INFO  logging to file /home/paul/Documents/scalaproject/.metals/metals.log
2022.09.07 07:48:18 INFO  Started: Metals version 0.11.8+83-4a237b0b-SNAPSHOT in workspace '/home/paul/Documents/scalaproject' for client Visual Studio Code 1.71.0.
2022.09.07 07:48:18 WARN  Can't instantiate JavaInteractiveSemanticdb (version: JdkVersion(11), jdkHome: /usr/lib/jvm/java-11-openjdk-amd64, javac exists: false)
2022.09.07 07:48:19 INFO  time: initialize in 0.59s
2022.09.07 07:48:20 WARN  Build server is not auto-connectable.
2022.09.07 07:48:26 INFO  running '/usr/lib/jvm/java-11-openjdk-amd64/bin/java -Djline.terminal=jline.UnsupportedTerminal -Dsbt.log.noformat=true -Dfile.encoding=UTF-8 -jar /tmp/metals7870802430274461932/sbt-launch.jar -Dbloop.export-jar-classifiers=sources bloopInstall'
2022.09.07 07:48:27 WARN  no build target for: /home/paul/Documents/scalaproject/project/metals.sbt
2022.09.07 07:48:27 WARN  no build target for: /home/paul/Documents/scalaproject/project/project/metals.sbt
2022.09.07 07:48:27 INFO  skipping build import with status 'Started'
2022.09.07 07:48:28 INFO  [info] welcome to sbt 1.7.1 (Ubuntu Java 11.0.16)
2022.09.07 07:48:29 INFO  [info] loading global plugins from /home/paul/.sbt/1.0/plugins
2022.09.07 07:48:31 INFO  [info] loading settings for project scalaproject-build-build from metals.sbt ...
2022.09.07 07:48:31 INFO  [info] loading project definition from /home/paul/Documents/scalaproject/project/project
2022.09.07 07:48:38 INFO  [info] loading settings for project scalaproject-build from metals.sbt ...
2022.09.07 07:48:38 INFO  [info] loading project definition from /home/paul/Documents/scalaproject/project
2022.09.07 07:48:56 INFO  [success] Generated .bloop/scalaproject-build.json
2022.09.07 07:48:56 INFO  [success] Total time: 18 s, completed Sep 7, 2022, 7:48:56 AM
2022.09.07 07:48:56 INFO  no build target found for /home/paul/Documents/scalaproject/project/project/metals.sbt. Using presentation compiler with project's scala-library version: 3.2.0
2022.09.07 07:48:57 INFO  [info] loading settings for project scalaproject from build.sbt ...
2022.09.07 07:48:57 INFO  [info] set current project to hello-world (in build file:/home/paul/Documents/scalaproject/)
2022.09.07 07:48:59 INFO  [success] Generated .bloop/scalaproject.json
2022.09.07 07:48:59 INFO  [success] Generated .bloop/scalaproject-test.json
2022.09.07 07:48:59 INFO  [success] Total time: 1 s, completed Sep 7, 2022, 7:48:59 AM
2022.09.07 07:48:59 INFO  time: ran 'sbt bloopInstall' in 33s
2022.09.07 07:48:59 INFO  Attempting to connect to the build server...
2022.09.07 07:48:59 INFO  Setting up current java home /usr/lib/jvm/java-11-openjdk-amd64 in /home/paul/.bloop/bloop.json
2022.09.07 07:49:47 INFO  tracing is disabled for protocol BSP, to enable tracing of incoming and outgoing JSON messages create an empty file at /home/paul/Documents/scalaproject/.metals/bsp.trace.json or /home/paul/.cache/metals/bsp.trace.json
2022.09.07 07:50:06 INFO  Attempting to connect to the build server...
2022.09.07 07:50:06 INFO  Bloop uses /usr/lib/jvm/java-11-openjdk-amd64 defined at /home/paul/.bloop/bloop.json
2022.09.07 07:50:06 INFO  tracing is disabled for protocol BSP, to enable tracing of incoming and outgoing JSON messages create an empty file at /home/paul/Documents/scalaproject/project/.metals/bsp.trace.json or /home/paul/.cache/metals/bsp.trace.json
2022.09.07 07:50:16 INFO  time: Connected to build server in 1m16s
2022.09.07 07:50:16 INFO  Connected to Build server: Bloop v1.5.3-28-373a64c9
2022.09.07 07:50:16 INFO  time: Imported build in 0.13s
Sep 07, 2022 7:50:51 AM org.eclipse.lsp4j.jsonrpc.services.GenericEndpoint notify
INFO: Unsupported notification method: $/setTrace
Sep 07, 2022 7:51:03 AM org.eclipse.lsp4j.jsonrpc.services.GenericEndpoint notify
INFO: Unsupported notification method: $/setTrace
2022.09.07 07:53:45 INFO  compiling scalaproject (1 scala source)
2022.09.07 07:53:56 INFO  time: compiled scalaproject in 10s
2022.09.07 07:54:11 WARN  Could not find java sources in /usr/lib/jvm/src.zip, /usr/lib/jvm/lib/src.zip, /usr/lib/jvm/java-11-openjdk-amd64/src.zip, /usr/lib/jvm/java-11-openjdk-amd64/lib/src.zip. Java symbols will not be available.
2022.09.07 07:54:13 WARN  Could not find java sources in /usr/lib/jvm/src.zip, /usr/lib/jvm/lib/src.zip, /usr/lib/jvm/java-11-openjdk-amd64/src.zip, /usr/lib/jvm/java-11-openjdk-amd64/lib/src.zip. Java symbols will not be available.
2022.09.07 07:54:13 WARN  Could not find java sources in /usr/lib/jvm/src.zip, /usr/lib/jvm/lib/src.zip, /usr/lib/jvm/java-11-openjdk-amd64/src.zip, /usr/lib/jvm/java-11-openjdk-amd64/lib/src.zip. Java symbols will not be available.
2022.09.07 07:54:13 INFO  time: indexed workspace in 3m56s
2022.09.07 07:55:04 INFO  Deduplicating compilation of scalaproject from bsp client 'Metals 0.11.8+83-4a237b0b-SNAPSHOT' (since 5m 17.65s)
2022.09.07 07:55:06 INFO  tracing is disabled for protocol dap-server, to enable tracing of incoming and outgoing JSON messages create an empty file at /home/paul/Documents/scalaproject/.metals/dap-server.trace.json or /home/paul/.cache/metals/dap-server.trace.json
2022.09.07 07:55:06 INFO  tracing is disabled for protocol dap-client, to enable tracing of incoming and outgoing JSON messages create an empty file at /home/paul/Documents/scalaproject/.metals/dap-client.trace.json or /home/paul/.cache/metals/dap-client.trace.json
2022.09.07 07:55:06 INFO  Starting debug proxy for [Main]
2022.09.07 07:55:06 INFO  Trying to attach to remote debuggee VM localhost:60755 .
2022.09.07 07:55:06 INFO  Attaching to debuggee VM succeeded.
2022.09.07 07:55:06 INFO  Canceling debug proxy for [Main]
2022.09.07 07:55:06 INFO  Closing debug server tcp://0.0.0.0:34535
2022.09.07 07:56:15 INFO  compiling scalaproject (1 scala source)
2022.09.07 07:56:15 INFO  time: compiled scalaproject in 0.67s
2022.09.07 07:56:23 INFO  Deduplicating compilation of scalaproject from bsp client 'Metals 0.11.8+83-4a237b0b-SNAPSHOT' (since 6m 36.507s)
2022.09.07 07:56:23 INFO  tracing is disabled for protocol dap-server, to enable tracing of incoming and outgoing JSON messages create an empty file at /home/paul/Documents/scalaproject/.metals/dap-server.trace.json or /home/paul/.cache/metals/dap-server.trace.json
2022.09.07 07:56:23 INFO  tracing is disabled for protocol dap-client, to enable tracing of incoming and outgoing JSON messages create an empty file at /home/paul/Documents/scalaproject/.metals/dap-client.trace.json or /home/paul/.cache/metals/dap-client.trace.json
2022.09.07 07:56:24 INFO  Starting debug proxy for [Main]
2022.09.07 07:56:23 INFO  Trying to attach to remote debuggee VM localhost:40855 .
2022.09.07 07:56:23 INFO  Attaching to debuggee VM succeeded.
2022.09.07 07:56:24 INFO  Canceling debug proxy for [Main]
2022.09.07 07:56:23 INFO  Closing debug server tcp://0.0.0.0:34211
2022.09.07 07:56:34 INFO  compiling scalaproject (1 scala source)
2022.09.07 07:56:34 INFO  time: compiled scalaproject in 0.44s
2022.09.07 07:56:44 INFO  Deduplicating compilation of scalaproject from bsp client 'Metals 0.11.8+83-4a237b0b-SNAPSHOT' (since 6m 57.018s)
2022.09.07 07:56:44 INFO  tracing is disabled for protocol dap-server, to enable tracing of incoming and outgoing JSON messages create an empty file at /home/paul/Documents/scalaproject/.metals/dap-server.trace.json or /home/paul/.cache/metals/dap-server.trace.json
2022.09.07 07:56:44 INFO  tracing is disabled for protocol dap-client, to enable tracing of incoming and outgoing JSON messages create an empty file at /home/paul/Documents/scalaproject/.metals/dap-client.trace.json or /home/paul/.cache/metals/dap-client.trace.json
2022.09.07 07:56:44 INFO  Starting debug proxy for [Main]
2022.09.07 07:56:44 INFO  Trying to attach to remote debuggee VM localhost:44905 .
2022.09.07 07:56:44 INFO  Attaching to debuggee VM succeeded.
2022.09.07 07:56:44 INFO  Canceling debug proxy for [Main]
2022.09.07 07:56:44 INFO  Closing debug server tcp://0.0.0.0:45491
2022.09.07 07:56:48 INFO  Deduplicating compilation of scalaproject from bsp client 'Metals 0.11.8+83-4a237b0b-SNAPSHOT' (since 7m 1.718s)
2022.09.07 07:56:49 INFO  tracing is disabled for protocol dap-server, to enable tracing of incoming and outgoing JSON messages create an empty file at /home/paul/Documents/scalaproject/.metals/dap-server.trace.json or /home/paul/.cache/metals/dap-server.trace.json
2022.09.07 07:56:49 INFO  tracing is disabled for protocol dap-client, to enable tracing of incoming and outgoing JSON messages create an empty file at /home/paul/Documents/scalaproject/.metals/dap-client.trace.json or /home/paul/.cache/metals/dap-client.trace.json
2022.09.07 07:56:49 INFO  Starting debug proxy for [Main]
2022.09.07 07:56:48 INFO  Trying to attach to remote debuggee VM localhost:60421 .
2022.09.07 07:56:48 INFO  Attaching to debuggee VM succeeded.
2022.09.07 07:56:49 INFO  Canceling debug proxy for [Main]
2022.09.07 07:56:48 INFO  Closing debug server tcp://0.0.0.0:37949
Sep 07, 2022 8:02:14 AM org.eclipse.lsp4j.jsonrpc.services.GenericEndpoint notify
INFO: Unsupported notification method: $/setTrace
